[0.232][INFO]: COMMAND InitSession {
   "desiredCapabilities": {
      "browserName": "chrome",
      "chrome.detach": true,
      "chrome.prefs": {
         "download": {
            "default_directory": "/Users/scalixte/Development/Projects/tutorials/cucumber/simpler_blog_w_sqlite/tmp/downloads",
            "prompt_for_download": false
         }
      },
      "chromeOptions": {
         "detach": true,
         "prefs": {
            "download": {
               "default_directory": "/Users/scalixte/Development/Projects/tutorials/cucumber/simpler_blog_w_sqlite/tmp/downloads",
               "prompt_for_download": false
            }
         }
      },
      "cssSelectorsEnabled": true,
      "javascriptEnabled": true,
      "nativeEvents": false,
      "platform": "ANY",
      "rotatable": false,
      "takesScreenshot": false,
      "version": ""
   }
}
[0.236][INFO]: Populating Preferences file: {
   "alternate_error_pages": {
      "enabled": false
   },
   "autofill": {
      "enabled": false
   },
   "browser": {
      "check_default_browser": false
   },
   "distribution": {
      "import_bookmarks": false,
      "import_history": false,
      "import_search_engine": false,
      "make_chrome_default_for_user": false,
      "show_welcome_page": false,
      "skip_first_run_ui": true
   },
   "dns_prefetching": {
      "enabled": false
   },
   "download": {
      "default_directory": "/Users/scalixte/Development/Projects/tutorials/cucumber/simpler_blog_w_sqlite/tmp/downloads",
      "prompt_for_download": false
   },
   "profile": {
      "content_settings": {
         "pattern_pairs": {
            "https://*,*": {
               "media-stream": {
                  "audio": "Default",
                  "video": "Default"
               }
            }
         }
      },
      "default_content_settings": {
         "geolocation": 1,
         "mouselock": 1,
         "notifications": 1,
         "popups": 1,
         "ppapi-broker": 1
      },
      "password_manager_enabled": false
   },
   "safebrowsing": {
      "enabled": false
   },
   "search": {
      "suggest_enabled": false
   },
   "translate": {
      "enabled": false
   }
}
[0.236][INFO]: Populating Local State file: {
   "background_mode": {
      "enabled": false
   },
   "ssl": {
      "rev_checking": {
         "enabled": false
      }
   }
}
[0.238][INFO]: Launching chrome: /Applications/Google Chrome.app/Contents/MacOS/Google Chrome --disable-background-networking --disable-client-side-phishing-detection --disable-component-update --disable-default-apps --disable-hang-monitor --disable-prompt-on-repost --disable-sync --disable-web-resources --enable-logging --full-memory-crash-report --ignore-certificate-errors --load-extension=/var/folders/1d/bg_cpcp57t3_s84rmk5wmywr5ndx9k/T/.org.chromium.Chromium.GK0RcD/internal --logging-level=1 --metrics-recording-only --no-first-run --password-store=basic --remote-debugging-port=12485 --safebrowsing-disable-auto-update --safebrowsing-disable-download-protection --use-mock-keychain --user-data-dir=/var/folders/1d/bg_cpcp57t3_s84rmk5wmywr5ndx9k/T/.org.chromium.Chromium.DLMVeC data:,
[0.753][INFO]: RESPONSE InitSession {
   "acceptSslCerts": true,
   "applicationCacheEnabled": false,
   "browserConnectionEnabled": false,
   "browserName": "chrome",
   "chrome": {
      "userDataDir": "/var/folders/1d/bg_cpcp57t3_s84rmk5wmywr5ndx9k/T/.org.chromium.Chromium.DLMVeC"
   },
   "cssSelectorsEnabled": true,
   "databaseEnabled": false,
   "handlesAlerts": true,
   "javascriptEnabled": true,
   "locationContextEnabled": true,
   "nativeEvents": true,
   "platform": "Mac OS X",
   "rotatable": false,
   "takesHeapSnapshot": true,
   "takesScreenshot": true,
   "version": "33.0.1750.117",
   "webStorageEnabled": true
}
[0.756][INFO]: COMMAND Navigate {
   "url": "http://127.0.0.1:55893/"
}
[0.906][INFO]: Waiting for pending navigations...
[0.925][INFO]: Done waiting for pending navigations
[1.198][INFO]: Waiting for pending navigations...
[1.527][INFO]: Done waiting for pending navigations
[1.527][INFO]: RESPONSE Navigate
[1.588][INFO]: COMMAND Navigate {
   "url": "http://127.0.0.1:55893/"
}
[1.588][INFO]: Waiting for pending navigations...
[1.588][INFO]: Done waiting for pending navigations
[1.629][INFO]: Waiting for pending navigations...
[1.629][INFO]: Done waiting for pending navigations
[1.629][INFO]: RESPONSE Navigate
[1.631][INFO]: COMMAND GetSource {

}
[1.631][INFO]: Waiting for pending navigations...
[1.631][INFO]: Done waiting for pending navigations
[1.633][INFO]: Waiting for pending navigations...
[1.633][INFO]: Done waiting for pending navigations
[1.633][INFO]: RESPONSE GetSource "\u003C!DOCTYPE html>\u003Chtml>\u003Chead>\n  \u003C!--title>BlogTutP7\u003C/title-->\n  \u003Ctitle>The Article Blog | There are 3 articles\u003C/title>\n  \u003Clink data-turbolinks-track=\"true\" href=\"/assets/application.css\" media=\"all\" ..."
[1.680][INFO]: COMMAND GetSource {

}
[1.680][INFO]: Waiting for pending navigations...
[1.680][INFO]: Done waiting for pending navigations
[1.682][INFO]: Waiting for pending navigations...
[1.682][INFO]: Done waiting for pending navigations
[1.682][INFO]: RESPONSE GetSource "\u003C!DOCTYPE html>\u003Chtml>\u003Chead>\n  \u003C!--title>BlogTutP7\u003C/title-->\n  \u003Ctitle>The Article Blog | There are 3 articles\u003C/title>\n  \u003Clink data-turbolinks-track=\"true\" href=\"/assets/application.css\" media=\"all\" ..."
[1.683][INFO]: COMMAND GetSource {

}
[1.683][INFO]: Waiting for pending navigations...
[1.683][INFO]: Done waiting for pending navigations
[1.684][INFO]: Waiting for pending navigations...
[1.684][INFO]: Done waiting for pending navigations
[1.684][INFO]: RESPONSE GetSource "\u003C!DOCTYPE html>\u003Chtml>\u003Chead>\n  \u003C!--title>BlogTutP7\u003C/title-->\n  \u003Ctitle>The Article Blog | There are 3 articles\u003C/title>\n  \u003Clink data-turbolinks-track=\"true\" href=\"/assets/application.css\" media=\"all\" ..."
[1.695][INFO]: COMMAND DeleteAllCookies {

}
[1.695][INFO]: Waiting for pending navigations...
[1.695][INFO]: Done waiting for pending navigations
[1.696][INFO]: Waiting for pending navigations...
[1.696][INFO]: Done waiting for pending navigations
[1.696][INFO]: RESPONSE DeleteAllCookies
[1.697][INFO]: COMMAND Navigate {
   "url": "about:blank"
}
[1.697][INFO]: Waiting for pending navigations...
[1.697][INFO]: Done waiting for pending navigations
[1.968][INFO]: Waiting for pending navigations...
[1.968][INFO]: Done waiting for pending navigations
[1.968][INFO]: RESPONSE Navigate
[1.969][INFO]: COMMAND FindElements {
   "using": "xpath",
   "value": "/html/body/*"
}
[1.969][INFO]: Waiting for pending navigations...
[1.969][INFO]: Done waiting for pending navigations
[1.982][INFO]: Waiting for pending navigations...
[1.982][INFO]: Done waiting for pending navigations
[1.982][INFO]: RESPONSE FindElements [  ]
[2.024][INFO]: COMMAND Navigate {
   "url": "http://127.0.0.1:55893/"
}
[2.024][INFO]: Waiting for pending navigations...
[2.024][INFO]: Done waiting for pending navigations
[2.232][INFO]: Waiting for pending navigations...
[2.468][INFO]: Done waiting for pending navigations
[2.468][INFO]: RESPONSE Navigate
[2.493][INFO]: COMMAND Navigate {
   "url": "http://127.0.0.1:55893/"
}
[2.493][INFO]: Waiting for pending navigations...
[2.493][INFO]: Done waiting for pending navigations
[2.498][INFO]: Waiting for pending navigations...
[2.537][INFO]: Done waiting for pending navigations
[2.537][INFO]: RESPONSE Navigate
[2.538][INFO]: COMMAND GetSource {

}
[2.538][INFO]: Waiting for pending navigations...
[2.538][INFO]: Done waiting for pending navigations
[2.541][INFO]: Waiting for pending navigations...
[2.541][INFO]: Done waiting for pending navigations
[2.541][INFO]: RESPONSE GetSource "\u003C!DOCTYPE html>\u003Chtml>\u003Chead>\n  \u003C!--title>BlogTutP7\u003C/title-->\n  \u003Ctitle>The Article Blog | There are 3 articles\u003C/title>\n  \u003Clink data-turbolinks-track=\"true\" href=\"/assets/application.css\" media=\"all\" ..."
[2.543][INFO]: COMMAND GetSource {

}
[2.543][INFO]: Waiting for pending navigations...
[2.543][INFO]: Done waiting for pending navigations
[2.544][INFO]: Waiting for pending navigations...
[2.544][INFO]: Done waiting for pending navigations
[2.544][INFO]: RESPONSE GetSource "\u003C!DOCTYPE html>\u003Chtml>\u003Chead>\n  \u003C!--title>BlogTutP7\u003C/title-->\n  \u003Ctitle>The Article Blog | There are 3 articles\u003C/title>\n  \u003Clink data-turbolinks-track=\"true\" href=\"/assets/application.css\" media=\"all\" ..."
[2.554][INFO]: COMMAND DeleteAllCookies {

}
[2.555][INFO]: Waiting for pending navigations...
[2.555][INFO]: Done waiting for pending navigations
[2.555][INFO]: Waiting for pending navigations...
[2.555][INFO]: Done waiting for pending navigations
[2.555][INFO]: RESPONSE DeleteAllCookies
[2.556][INFO]: COMMAND Navigate {
   "url": "about:blank"
}
[2.556][INFO]: Waiting for pending navigations...
[2.556][INFO]: Done waiting for pending navigations
[2.767][INFO]: Waiting for pending navigations...
[2.767][INFO]: Done waiting for pending navigations
[2.767][INFO]: RESPONSE Navigate
[2.768][INFO]: COMMAND FindElements {
   "using": "xpath",
   "value": "/html/body/*"
}
[2.768][INFO]: Waiting for pending navigations...
[2.768][INFO]: Done waiting for pending navigations
[2.805][INFO]: Waiting for pending navigations...
[2.805][INFO]: Done waiting for pending navigations
[2.805][INFO]: RESPONSE FindElements [  ]
[2.813][INFO]: COMMAND Navigate {
   "url": "http://127.0.0.1:55893/"
}
[2.813][INFO]: Waiting for pending navigations...
[2.813][INFO]: Done waiting for pending navigations
[3.025][INFO]: Waiting for pending navigations...
[3.268][INFO]: Done waiting for pending navigations
[3.269][INFO]: RESPONSE Navigate
[3.295][INFO]: COMMAND Navigate {
   "url": "http://127.0.0.1:55893/"
}
[3.295][INFO]: Waiting for pending navigations...
[3.295][INFO]: Done waiting for pending navigations
[3.300][INFO]: Waiting for pending navigations...
[3.337][INFO]: Done waiting for pending navigations
[3.337][INFO]: RESPONSE Navigate
[3.338][INFO]: COMMAND GetSource {

}
[3.338][INFO]: Waiting for pending navigations...
[3.338][INFO]: Done waiting for pending navigations
[3.341][INFO]: Waiting for pending navigations...
[3.341][INFO]: Done waiting for pending navigations
[3.341][INFO]: RESPONSE GetSource "\u003C!DOCTYPE html>\u003Chtml>\u003Chead>\n  \u003C!--title>BlogTutP7\u003C/title-->\n  \u003Ctitle>The Article Blog | There are 3 articles\u003C/title>\n  \u003Clink data-turbolinks-track=\"true\" href=\"/assets/application.css\" media=\"all\" ..."
[3.342][INFO]: COMMAND GetSource {

}
[3.342][INFO]: Waiting for pending navigations...
[3.342][INFO]: Done waiting for pending navigations
[3.343][INFO]: Waiting for pending navigations...
[3.343][INFO]: Done waiting for pending navigations
[3.343][INFO]: RESPONSE GetSource "\u003C!DOCTYPE html>\u003Chtml>\u003Chead>\n  \u003C!--title>BlogTutP7\u003C/title-->\n  \u003Ctitle>The Article Blog | There are 3 articles\u003C/title>\n  \u003Clink data-turbolinks-track=\"true\" href=\"/assets/application.css\" media=\"all\" ..."
[3.356][INFO]: COMMAND DeleteAllCookies {

}
[3.356][INFO]: Waiting for pending navigations...
[3.356][INFO]: Done waiting for pending navigations
[3.357][INFO]: Waiting for pending navigations...
[3.357][INFO]: Done waiting for pending navigations
[3.357][INFO]: RESPONSE DeleteAllCookies
[3.357][INFO]: COMMAND Navigate {
   "url": "about:blank"
}
[3.357][INFO]: Waiting for pending navigations...
[3.357][INFO]: Done waiting for pending navigations
[3.614][INFO]: Waiting for pending navigations...
[3.614][INFO]: Done waiting for pending navigations
[3.614][INFO]: RESPONSE Navigate
[3.615][INFO]: COMMAND FindElements {
   "using": "xpath",
   "value": "/html/body/*"
}
[3.615][INFO]: Waiting for pending navigations...
[3.615][INFO]: Done waiting for pending navigations
[3.627][INFO]: Waiting for pending navigations...
[3.627][INFO]: Done waiting for pending navigations
[3.627][INFO]: RESPONSE FindElements [  ]
[3.636][INFO]: COMMAND Navigate {
   "url": "http://127.0.0.1:55893/"
}
[3.636][INFO]: Waiting for pending navigations...
[3.636][INFO]: Done waiting for pending navigations
[3.844][INFO]: Waiting for pending navigations...
[3.931][INFO]: Done waiting for pending navigations
[3.931][INFO]: RESPONSE Navigate
[3.942][INFO]: COMMAND Navigate {
   "url": "http://127.0.0.1:55893/"
}
[3.942][INFO]: Waiting for pending navigations...
[3.942][INFO]: Done waiting for pending navigations
[3.960][INFO]: Waiting for pending navigations...
[4.030][INFO]: Done waiting for pending navigations
[4.030][INFO]: RESPONSE Navigate
[4.031][INFO]: COMMAND GetSource {

}
[4.031][INFO]: Waiting for pending navigations...
[4.031][INFO]: Done waiting for pending navigations
[4.033][INFO]: Waiting for pending navigations...
[4.033][INFO]: Done waiting for pending navigations
[4.033][INFO]: RESPONSE GetSource "\u003C!DOCTYPE html>\u003Chtml>\u003Chead>\n  \u003C!--title>BlogTutP7\u003C/title-->\n  \u003Ctitle>The Article Blog | There are 3 articles\u003C/title>\n  \u003Clink data-turbolinks-track=\"true\" href=\"/assets/application.css\" media=\"all\" ..."
[4.035][INFO]: COMMAND GetSource {

}
[4.035][INFO]: Waiting for pending navigations...
[4.035][INFO]: Done waiting for pending navigations
[4.036][INFO]: Waiting for pending navigations...
[4.036][INFO]: Done waiting for pending navigations
[4.036][INFO]: RESPONSE GetSource "\u003C!DOCTYPE html>\u003Chtml>\u003Chead>\n  \u003C!--title>BlogTutP7\u003C/title-->\n  \u003Ctitle>The Article Blog | There are 3 articles\u003C/title>\n  \u003Clink data-turbolinks-track=\"true\" href=\"/assets/application.css\" media=\"all\" ..."
[4.049][INFO]: COMMAND DeleteAllCookies {

}
[4.050][INFO]: Waiting for pending navigations...
[4.050][INFO]: Done waiting for pending navigations
[4.050][INFO]: Waiting for pending navigations...
[4.050][INFO]: Done waiting for pending navigations
[4.050][INFO]: RESPONSE DeleteAllCookies
[4.051][INFO]: COMMAND Navigate {
   "url": "about:blank"
}
[4.051][INFO]: Waiting for pending navigations...
[4.051][INFO]: Done waiting for pending navigations
[4.372][INFO]: Waiting for pending navigations...
[4.372][INFO]: Done waiting for pending navigations
[4.372][INFO]: RESPONSE Navigate
[4.373][INFO]: COMMAND FindElements {
   "using": "xpath",
   "value": "/html/body/*"
}
[4.373][INFO]: Waiting for pending navigations...
[4.373][INFO]: Done waiting for pending navigations
[4.387][INFO]: Waiting for pending navigations...
[4.387][INFO]: Done waiting for pending navigations
[4.387][INFO]: RESPONSE FindElements [  ]
[4.391][INFO]: COMMAND Quit {

}
[4.442][INFO]: RESPONSE Quit
